<?xml version="1.0" encoding="UTF-8"?>
<!-- Generated by org.testng.reporters.JUnitReportReporter -->
<testsuite skipped="0" hostname="DESKTOP-S43CKGL" name="script.TestDemo" tests="1" failures="0" timestamp="11 Oct 2018 07:02:49 GMT" time="10.855" errors="0">
  <testcase name="run" time="10.855" classname="script.TestDemo"/>
</testsuite> <!-- script.TestDemo -->
