<?xml version="1.0" encoding="UTF-8"?>
<!-- Generated by org.testng.reporters.JUnitReportReporter -->
<testsuite skipped="0" hostname="DESKTOP-S43CKGL" name="script.OrangeTC1" tests="1" failures="0" timestamp="12 Oct 2018 08:37:19 GMT" time="61.409" errors="0">
  <testcase name="testOrangeTC1" time="61.409" classname="script.OrangeTC1"/>
</testsuite> <!-- script.OrangeTC1 -->
